<?xml version="1.0" encoding="UTF-8"?>
<testng-results skipped="0" failed="6" ignored="12" total="53" passed="35">
  <reporter-output>
    <line>
      <![CDATA[<img src='file:///D:\demo\20181226\20181226-205230.png' onclick='window.open("file:///D:\\demo\\20181226\\20181226-205230.png")'  height='100px' width='100px' />]]>
    </line>
    <line>
      <![CDATA[<img src='file:///D:\demo\20181226\20181226-205323.png' onclick='window.open("file:///D:\\demo\\20181226\\20181226-205323.png")'  height='100px' width='100px' />]]>
    </line>
    <line>
      <![CDATA[<img src='file:///D:\demo\20181226\20181226-205328.png' onclick='window.open("file:///D:\\demo\\20181226\\20181226-205328.png")'  height='100px' width='100px' />]]>
    </line>
    <line>
      <![CDATA[<img src='file:///D:\demo\20181226\20181226-210242.png' onclick='window.open("file:///D:\\demo\\20181226\\20181226-210242.png")'  height='100px' width='100px' />]]>
    </line>
    <line>
      <![CDATA[<img src='file:///D:\demo\20181226\20181226-210747.png' onclick='window.open("file:///D:\\demo\\20181226\\20181226-210747.png")'  height='100px' width='100px' />]]>
    </line>
    <line>
      <![CDATA[<img src='file:///D:\demo\20181226\20181226-211039.png' onclick='window.open("file:///D:\\demo\\20181226\\20181226-211039.png")'  height='100px' width='100px' />]]>
    </line>
  </reporter-output>
  <suite name="雪梨教育测试项目-老师部分" duration-ms="170188" started-at="2018-12-26T13:07:49Z" finished-at="2018-12-26T13:10:40Z">
    <groups>
    </groups>
    <test name="创建同步课" duration-ms="32730" started-at="2018-12-26T13:07:49Z" finished-at="2018-12-26T13:08:22Z">
      <class name="com.edu.teach_test.AddRenwu_Test">
        <test-method status="PASS" signature="doBeforeSuite()[pri:0, instance:com.edu.teach_test.AddRenwu_Test@2b9627bc]" name="doBeforeSuite" is-config="true" duration-ms="3886" started-at="2018-12-26T13:07:49Z" finished-at="2018-12-26T13:07:53Z">
          <reporter-output>
          </reporter-output>
        </test-method> <!-- doBeforeSuite -->
        <test-method status="PASS" signature="login()[pri:0, instance:com.edu.teach_test.AddRenwu_Test@2b9627bc]" name="login" is-config="true" duration-ms="9390" started-at="2018-12-26T13:07:53Z" finished-at="2018-12-26T13:08:03Z">
          <reporter-output>
          </reporter-output>
        </test-method> <!-- login -->
        <test-method status="PASS" signature="addRenwu()[pri:0, instance:com.edu.teach_test.AddRenwu_Test@2b9627bc]" name="addRenwu" duration-ms="18910" started-at="2018-12-26T13:08:03Z" description="发布任务" finished-at="2018-12-26T13:08:22Z">
          <reporter-output>
          </reporter-output>
        </test-method> <!-- addRenwu -->
        <test-method status="PASS" signature="doAfterMethod()[pri:0, instance:com.edu.teach_test.AddRenwu_Test@2b9627bc]" name="doAfterMethod" is-config="true" duration-ms="544" started-at="2018-12-26T13:08:22Z" finished-at="2018-12-26T13:08:22Z">
          <reporter-output>
          </reporter-output>
        </test-method> <!-- doAfterMethod -->
      </class> <!-- com.edu.teach_test.AddRenwu_Test -->
    </test> <!-- 创建同步课 -->
    <test name="通过同步课申请" duration-ms="59470" started-at="2018-12-26T13:08:26Z" finished-at="2018-12-26T13:09:26Z">
      <class name="com.edu.teach_test.ThroughAudit_Test">
        <test-method status="PASS" signature="doBeforeSuite()[pri:0, instance:com.edu.teach_test.ThroughAudit_Test@3b084709]" name="doBeforeSuite" is-config="true" duration-ms="4112" started-at="2018-12-26T13:08:26Z" finished-at="2018-12-26T13:08:30Z">
          <reporter-output>
          </reporter-output>
        </test-method> <!-- doBeforeSuite -->
        <test-method status="PASS" signature="login()[pri:0, instance:com.edu.teach_test.ThroughAudit_Test@3b084709]" name="login" is-config="true" duration-ms="19879" started-at="2018-12-26T13:08:30Z" finished-at="2018-12-26T13:08:50Z">
          <reporter-output>
          </reporter-output>
        </test-method> <!-- login -->
        <test-method status="PASS" signature="through_audit()[pri:0, instance:com.edu.teach_test.ThroughAudit_Test@3b084709]" name="through_audit" duration-ms="22118" started-at="2018-12-26T13:08:50Z" description="申请同步课的同学通过审核" finished-at="2018-12-26T13:09:12Z">
          <reporter-output>
          </reporter-output>
        </test-method> <!-- through_audit -->
        <test-method status="PASS" signature="through_audit2()[pri:0, instance:com.edu.teach_test.ThroughAudit_Test@3b084709]" name="through_audit2" duration-ms="12906" started-at="2018-12-26T13:09:12Z" description="申请同步课的同学通过审核" finished-at="2018-12-26T13:09:25Z">
          <reporter-output>
          </reporter-output>
        </test-method> <!-- through_audit2 -->
        <test-method status="PASS" signature="doAfterMethod()[pri:0, instance:com.edu.teach_test.ThroughAudit_Test@3b084709]" name="doAfterMethod" is-config="true" duration-ms="454" started-at="2018-12-26T13:09:25Z" finished-at="2018-12-26T13:09:26Z">
          <reporter-output>
          </reporter-output>
        </test-method> <!-- doAfterMethod -->
      </class> <!-- com.edu.teach_test.ThroughAudit_Test -->
    </test> <!-- 通过同步课申请 -->
    <test name="发布任务" duration-ms="32854" started-at="2018-12-26T13:09:27Z" finished-at="2018-12-26T13:10:00Z">
      <class name="com.edu.teach_test.CreateClass_Test">
        <test-method status="PASS" signature="doBeforeSuite()[pri:0, instance:com.edu.teach_test.CreateClass_Test@68bbe345]" name="doBeforeSuite" is-config="true" duration-ms="4508" started-at="2018-12-26T13:09:27Z" finished-at="2018-12-26T13:09:32Z">
          <reporter-output>
          </reporter-output>
        </test-method> <!-- doBeforeSuite -->
        <test-method status="PASS" signature="login()[pri:0, instance:com.edu.teach_test.CreateClass_Test@68bbe345]" name="login" is-config="true" duration-ms="9423" started-at="2018-12-26T13:09:32Z" finished-at="2018-12-26T13:09:41Z">
          <reporter-output>
          </reporter-output>
        </test-method> <!-- login -->
        <test-method status="PASS" signature="create_class()[pri:0, instance:com.edu.teach_test.CreateClass_Test@68bbe345]" name="create_class" duration-ms="18416" started-at="2018-12-26T13:09:41Z" description="测试创建同步课成功界面" finished-at="2018-12-26T13:10:00Z">
          <reporter-output>
          </reporter-output>
        </test-method> <!-- create_class -->
        <test-method status="PASS" signature="doAfterMethod()[pri:0, instance:com.edu.teach_test.CreateClass_Test@68bbe345]" name="doAfterMethod" is-config="true" duration-ms="507" started-at="2018-12-26T13:10:00Z" finished-at="2018-12-26T13:10:00Z">
          <reporter-output>
          </reporter-output>
        </test-method> <!-- doAfterMethod -->
      </class> <!-- com.edu.teach_test.CreateClass_Test -->
    </test> <!-- 发布任务 -->
    <test name="批阅作业" duration-ms="37597" started-at="2018-12-26T13:10:02Z" finished-at="2018-12-26T13:10:40Z">
      <class name="com.edu.teach_test.Piyue_Test">
        <test-method status="PASS" signature="doBeforeSuite()[pri:0, instance:com.edu.teach_test.Piyue_Test@5e853265]" name="doBeforeSuite" is-config="true" duration-ms="4244" started-at="2018-12-26T13:10:02Z" finished-at="2018-12-26T13:10:06Z">
          <reporter-output>
          </reporter-output>
        </test-method> <!-- doBeforeSuite -->
        <test-method status="PASS" signature="login()[pri:0, instance:com.edu.teach_test.Piyue_Test@5e853265]" name="login" is-config="true" duration-ms="9350" started-at="2018-12-26T13:10:06Z" finished-at="2018-12-26T13:10:16Z">
          <reporter-output>
          </reporter-output>
        </test-method> <!-- login -->
        <test-method status="PASS" signature="ke()[pri:0, instance:com.edu.teach_test.Piyue_Test@5e853265]" name="ke" is-config="true" duration-ms="12058" started-at="2018-12-26T13:10:16Z" finished-at="2018-12-26T13:10:28Z">
          <reporter-output>
          </reporter-output>
        </test-method> <!-- ke -->
        <test-method status="FAIL" signature="piyue()[pri:0, instance:com.edu.teach_test.Piyue_Test@5e853265]" name="piyue" duration-ms="11318" started-at="2018-12-26T13:10:28Z" description="批阅作业" finished-at="2018-12-26T13:10:39Z">
          <exception class="java.lang.AssertionError">
            <message>
              <![CDATA[待验收错误 expected [0] but found [null]]]>
            </message>
            <full-stacktrace>
              <![CDATA[java.lang.AssertionError: 待验收错误 expected [0] but found [null]
at org.testng.Assert.fail(Assert.java:96)
at org.testng.Assert.failNotEquals(Assert.java:776)
at org.testng.Assert.assertEqualsImpl(Assert.java:132)
at org.testng.Assert.assertEquals(Assert.java:118)
at com.edu.teach_test.Piyue_Test.piyue(Unknown Source)
at sun.reflect.NativeMethodAccessorImpl.invoke0(Native Method)
at sun.reflect.NativeMethodAccessorImpl.invoke(NativeMethodAccessorImpl.java:62)
at sun.reflect.DelegatingMethodAccessorImpl.invoke(DelegatingMethodAccessorImpl.java:43)
at java.lang.reflect.Method.invoke(Method.java:498)
at org.testng.internal.MethodInvocationHelper.invokeMethod(MethodInvocationHelper.java:124)
at org.testng.internal.Invoker.invokeMethod(Invoker.java:580)
at org.testng.internal.Invoker.invokeTestMethod(Invoker.java:716)
at org.testng.internal.Invoker.invokeTestMethods(Invoker.java:988)
at org.testng.internal.TestMethodWorker.invokeTestMethods(TestMethodWorker.java:125)
at org.testng.internal.TestMethodWorker.run(TestMethodWorker.java:109)
at org.testng.TestRunner.privateRun(TestRunner.java:648)
at org.testng.TestRunner.run(TestRunner.java:505)
at org.testng.SuiteRunner.runTest(SuiteRunner.java:455)
at org.testng.SuiteRunner.runSequentially(SuiteRunner.java:450)
at org.testng.SuiteRunner.privateRun(SuiteRunner.java:415)
at org.testng.SuiteRunner.run(SuiteRunner.java:364)
at org.testng.SuiteRunnerWorker.runSuite(SuiteRunnerWorker.java:52)
at org.testng.SuiteRunnerWorker.run(SuiteRunnerWorker.java:84)
at org.testng.TestNG.runSuitesSequentially(TestNG.java:1208)
at org.testng.TestNG.runSuitesLocally(TestNG.java:1137)
at org.testng.TestNG.runSuites(TestNG.java:1049)
at org.testng.TestNG.run(TestNG.java:1017)
at org.testng.TestNG.privateMain(TestNG.java:1354)
at org.testng.TestNG.main(TestNG.java:1323)
]]>
            </full-stacktrace>
          </exception> <!-- java.lang.AssertionError -->
          <reporter-output>
            <line>
              <![CDATA[<img src='file:///D:\demo\20181226\20181226-211039.png' onclick='window.open("file:///D:\\demo\\20181226\\20181226-211039.png")'  height='100px' width='100px' />]]>
            </line>
          </reporter-output>
        </test-method> <!-- piyue -->
        <test-method status="PASS" signature="doAfterMethod()[pri:0, instance:com.edu.teach_test.Piyue_Test@5e853265]" name="doAfterMethod" is-config="true" duration-ms="487" started-at="2018-12-26T13:10:39Z" finished-at="2018-12-26T13:10:40Z">
          <reporter-output>
          </reporter-output>
        </test-method> <!-- doAfterMethod -->
      </class> <!-- com.edu.teach_test.Piyue_Test -->
    </test> <!-- 批阅作业 -->
  </suite> <!-- 雪梨教育测试项目-老师部分 -->
  <suite name="雪梨教育测试项目-学生部分" duration-ms="943586" started-at="2018-12-26T12:52:04Z" finished-at="2018-12-26T13:07:48Z">
    <groups>
    </groups>
    <test name="登录" duration-ms="85506" started-at="2018-12-26T12:52:04Z" finished-at="2018-12-26T12:53:30Z">
      <class name="com.edu.test.Login_Test">
        <test-method status="PASS" signature="doBeforeSuite()[pri:0, instance:com.edu.test.Login_Test@1f554b06]" name="doBeforeSuite" is-config="true" duration-ms="9011" started-at="2018-12-26T12:52:04Z" finished-at="2018-12-26T12:52:13Z">
          <reporter-output>
          </reporter-output>
        </test-method> <!-- doBeforeSuite -->
        <test-method status="PASS" signature="setup()[pri:0, instance:com.edu.test.Login_Test@1f554b06]" name="setup" is-config="true" duration-ms="1" started-at="2018-12-26T12:52:13Z" finished-at="2018-12-26T12:52:13Z">
          <reporter-output>
          </reporter-output>
        </test-method> <!-- setup -->
        <test-method status="FAIL" signature="loginSuccess(java.lang.String, java.lang.String)[pri:0, instance:com.edu.test.Login_Test@1f554b06]" name="loginSuccess" duration-ms="16594" started-at="2018-12-26T12:52:13Z" description="TXT驱动登录" data-provider="txt" finished-at="2018-12-26T12:52:30Z">
          <params>
            <param index="0">
              <value>
                <![CDATA[1336448191@qq.com]]>
              </value>
            </param>
            <param index="1">
              <value>
                <![CDATA[ZHANGyu123]]>
              </value>
            </param>
          </params>
          <exception class="org.openqa.selenium.ElementNotInteractableException">
            <message>
              <![CDATA[
Build info: version: '3.6.0', revision: '6fbf3ec767', time: '2017-09-27T16:15:40.131Z'
System info: host: 'PC', ip: '192.168.56.1', os.name: 'Windows 7', os.arch: 'amd64', os.version: '6.1', java.version: '1.8.0_191'
Driver info: org.openqa.selenium.firefox.FirefoxDriver
Capabilities [{moz:profile=C:\Users\Administrator\AppData\Local\Temp\rust_mozprofile.YujU4H4pEwU3, rotatable=false, timeouts={implicit=0, pageLoad=300000, script=30000}, pageLoadStrategy=normal, moz:headless=false, platform=XP, specificationLevel=0, moz:accessibilityChecks=false, acceptInsecureCerts=true, browserVersion=56.0, platformVersion=6.1, moz:processID=8448, browserName=firefox, javascriptEnabled=true, platformName=XP}]
Session ID: 34c941d0-de20-4cf8-928d-886b01352ad7]]>
            </message>
            <full-stacktrace>
              <![CDATA[org.openqa.selenium.ElementNotInteractableException: 
Build info: version: '3.6.0', revision: '6fbf3ec767', time: '2017-09-27T16:15:40.131Z'
System info: host: 'PC', ip: '192.168.56.1', os.name: 'Windows 7', os.arch: 'amd64', os.version: '6.1', java.version: '1.8.0_191'
Driver info: org.openqa.selenium.firefox.FirefoxDriver
Capabilities [{moz:profile=C:\Users\Administrator\AppData\Local\Temp\rust_mozprofile.YujU4H4pEwU3, rotatable=false, timeouts={implicit=0, pageLoad=300000, script=30000}, pageLoadStrategy=normal, moz:headless=false, platform=XP, specificationLevel=0, moz:accessibilityChecks=false, acceptInsecureCerts=true, browserVersion=56.0, platformVersion=6.1, moz:processID=8448, browserName=firefox, javascriptEnabled=true, platformName=XP}]
Session ID: 34c941d0-de20-4cf8-928d-886b01352ad7
at sun.reflect.NativeConstructorAccessorImpl.newInstance0(Native Method)
at sun.reflect.NativeConstructorAccessorImpl.newInstance(NativeConstructorAccessorImpl.java:62)
at sun.reflect.DelegatingConstructorAccessorImpl.newInstance(DelegatingConstructorAccessorImpl.java:45)
at java.lang.reflect.Constructor.newInstance(Constructor.java:423)
at org.openqa.selenium.remote.http.W3CHttpResponseCodec.createException(W3CHttpResponseCodec.java:185)
at org.openqa.selenium.remote.http.W3CHttpResponseCodec.decode(W3CHttpResponseCodec.java:120)
at org.openqa.selenium.remote.http.W3CHttpResponseCodec.decode(W3CHttpResponseCodec.java:49)
at org.openqa.selenium.remote.HttpCommandExecutor.execute(HttpCommandExecutor.java:164)
at org.openqa.selenium.remote.service.DriverCommandExecutor.execute(DriverCommandExecutor.java:83)
at org.openqa.selenium.remote.RemoteWebDriver.execute(RemoteWebDriver.java:586)
at org.openqa.selenium.remote.RemoteWebElement.execute(RemoteWebElement.java:279)
at org.openqa.selenium.remote.RemoteWebElement.click(RemoteWebElement.java:83)
at com.edu.core.WebDriverEngine.click(Unknown Source)
at com.edu.test.Login_Test.loginSuccess(Unknown Source)
at sun.reflect.NativeMethodAccessorImpl.invoke0(Native Method)
at sun.reflect.NativeMethodAccessorImpl.invoke(NativeMethodAccessorImpl.java:62)
at sun.reflect.DelegatingMethodAccessorImpl.invoke(DelegatingMethodAccessorImpl.java:43)
at java.lang.reflect.Method.invoke(Method.java:498)
at org.testng.internal.MethodInvocationHelper.invokeMethod(MethodInvocationHelper.java:124)
at org.testng.internal.Invoker.invokeMethod(Invoker.java:580)
at org.testng.internal.Invoker.invokeTestMethod(Invoker.java:716)
at org.testng.internal.Invoker.invokeTestMethods(Invoker.java:988)
at org.testng.internal.TestMethodWorker.invokeTestMethods(TestMethodWorker.java:125)
at org.testng.internal.TestMethodWorker.run(TestMethodWorker.java:109)
at org.testng.TestRunner.privateRun(TestRunner.java:648)
at org.testng.TestRunner.run(TestRunner.java:505)
at org.testng.SuiteRunner.runTest(SuiteRunner.java:455)
at org.testng.SuiteRunner.runSequentially(SuiteRunner.java:450)
at org.testng.SuiteRunner.privateRun(SuiteRunner.java:415)
at org.testng.SuiteRunner.run(SuiteRunner.java:364)
at org.testng.SuiteRunnerWorker.runSuite(SuiteRunnerWorker.java:52)
at org.testng.SuiteRunnerWorker.run(SuiteRunnerWorker.java:84)
at org.testng.TestNG.runSuitesSequentially(TestNG.java:1208)
at org.testng.TestNG.runSuitesSequentially(TestNG.java:1204)
at org.testng.TestNG.runSuitesLocally(TestNG.java:1137)
at org.testng.TestNG.runSuites(TestNG.java:1049)
at org.testng.TestNG.run(TestNG.java:1017)
at org.testng.TestNG.privateMain(TestNG.java:1354)
at org.testng.TestNG.main(TestNG.java:1323)
]]>
            </full-stacktrace>
          </exception> <!-- org.openqa.selenium.ElementNotInteractableException -->
          <reporter-output>
            <line>
              <![CDATA[<img src='file:///D:\demo\20181226\20181226-205230.png' onclick='window.open("file:///D:\\demo\\20181226\\20181226-205230.png")'  height='100px' width='100px' />]]>
            </line>
          </reporter-output>
        </test-method> <!-- loginSuccess -->
        <test-method status="PASS" signature="loginSuccess(java.lang.String, java.lang.String)[pri:0, instance:com.edu.test.Login_Test@1f554b06]" name="loginSuccess" duration-ms="16393" started-at="2018-12-26T12:52:30Z" description="TXT驱动登录" data-provider="txt" finished-at="2018-12-26T12:52:47Z">
          <params>
            <param index="0">
              <value>
                <![CDATA[2798011643@qq.com]]>
              </value>
            </param>
            <param index="1">
              <value>
                <![CDATA[Whymm13145]]>
              </value>
            </param>
          </params>
          <reporter-output>
          </reporter-output>
        </test-method> <!-- loginSuccess -->
        <test-method status="PASS" signature="loginSuccess2(java.lang.String, java.lang.String)[pri:0, instance:com.edu.test.Login_Test@1f554b06]" name="loginSuccess2" duration-ms="22548" started-at="2018-12-26T12:52:49Z" description="excel驱动登录" data-provider="excel" finished-at="2018-12-26T12:53:11Z">
          <params>
            <param index="0">
              <value>
                <![CDATA[2798011643@qq.com]]>
              </value>
            </param>
            <param index="1">
              <value>
                <![CDATA[Whymm13145]]>
              </value>
            </param>
          </params>
          <reporter-output>
          </reporter-output>
        </test-method> <!-- loginSuccess2 -->
        <test-method status="FAIL" signature="loginSuccess2(java.lang.String, java.lang.String)[pri:0, instance:com.edu.test.Login_Test@1f554b06]" name="loginSuccess2" duration-ms="12216" started-at="2018-12-26T12:53:11Z" description="excel驱动登录" data-provider="excel" finished-at="2018-12-26T12:53:23Z">
          <params>
            <param index="0">
              <value>
                <![CDATA[why2798011643@126.com]]>
              </value>
            </param>
            <param index="1">
              <value>
                <![CDATA[Whymm13145]]>
              </value>
            </param>
          </params>
          <exception class="org.openqa.selenium.ElementNotInteractableException">
            <message>
              <![CDATA[
Build info: version: '3.6.0', revision: '6fbf3ec767', time: '2017-09-27T16:15:40.131Z'
System info: host: 'PC', ip: '192.168.56.1', os.name: 'Windows 7', os.arch: 'amd64', os.version: '6.1', java.version: '1.8.0_191'
Driver info: org.openqa.selenium.firefox.FirefoxDriver
Capabilities [{moz:profile=C:\Users\Administrator\AppData\Local\Temp\rust_mozprofile.YujU4H4pEwU3, rotatable=false, timeouts={implicit=0, pageLoad=300000, script=30000}, pageLoadStrategy=normal, moz:headless=false, platform=XP, specificationLevel=0, moz:accessibilityChecks=false, acceptInsecureCerts=true, browserVersion=56.0, platformVersion=6.1, moz:processID=8448, browserName=firefox, javascriptEnabled=true, platformName=XP}]
Session ID: 34c941d0-de20-4cf8-928d-886b01352ad7]]>
            </message>
            <full-stacktrace>
              <![CDATA[org.openqa.selenium.ElementNotInteractableException: 
Build info: version: '3.6.0', revision: '6fbf3ec767', time: '2017-09-27T16:15:40.131Z'
System info: host: 'PC', ip: '192.168.56.1', os.name: 'Windows 7', os.arch: 'amd64', os.version: '6.1', java.version: '1.8.0_191'
Driver info: org.openqa.selenium.firefox.FirefoxDriver
Capabilities [{moz:profile=C:\Users\Administrator\AppData\Local\Temp\rust_mozprofile.YujU4H4pEwU3, rotatable=false, timeouts={implicit=0, pageLoad=300000, script=30000}, pageLoadStrategy=normal, moz:headless=false, platform=XP, specificationLevel=0, moz:accessibilityChecks=false, acceptInsecureCerts=true, browserVersion=56.0, platformVersion=6.1, moz:processID=8448, browserName=firefox, javascriptEnabled=true, platformName=XP}]
Session ID: 34c941d0-de20-4cf8-928d-886b01352ad7
at sun.reflect.NativeConstructorAccessorImpl.newInstance0(Native Method)
at sun.reflect.NativeConstructorAccessorImpl.newInstance(NativeConstructorAccessorImpl.java:62)
at sun.reflect.DelegatingConstructorAccessorImpl.newInstance(DelegatingConstructorAccessorImpl.java:45)
at java.lang.reflect.Constructor.newInstance(Constructor.java:423)
at org.openqa.selenium.remote.http.W3CHttpResponseCodec.createException(W3CHttpResponseCodec.java:185)
at org.openqa.selenium.remote.http.W3CHttpResponseCodec.decode(W3CHttpResponseCodec.java:120)
at org.openqa.selenium.remote.http.W3CHttpResponseCodec.decode(W3CHttpResponseCodec.java:49)
at org.openqa.selenium.remote.HttpCommandExecutor.execute(HttpCommandExecutor.java:164)
at org.openqa.selenium.remote.service.DriverCommandExecutor.execute(DriverCommandExecutor.java:83)
at org.openqa.selenium.remote.RemoteWebDriver.execute(RemoteWebDriver.java:586)
at org.openqa.selenium.remote.RemoteWebElement.execute(RemoteWebElement.java:279)
at org.openqa.selenium.remote.RemoteWebElement.click(RemoteWebElement.java:83)
at com.edu.core.WebDriverEngine.click(Unknown Source)
at com.edu.test.Login_Test.loginSuccess2(Unknown Source)
at sun.reflect.NativeMethodAccessorImpl.invoke0(Native Method)
at sun.reflect.NativeMethodAccessorImpl.invoke(NativeMethodAccessorImpl.java:62)
at sun.reflect.DelegatingMethodAccessorImpl.invoke(DelegatingMethodAccessorImpl.java:43)
at java.lang.reflect.Method.invoke(Method.java:498)
at org.testng.internal.MethodInvocationHelper.invokeMethod(MethodInvocationHelper.java:124)
at org.testng.internal.Invoker.invokeMethod(Invoker.java:580)
at org.testng.internal.Invoker.invokeTestMethod(Invoker.java:716)
at org.testng.internal.Invoker.invokeTestMethods(Invoker.java:988)
at org.testng.internal.TestMethodWorker.invokeTestMethods(TestMethodWorker.java:125)
at org.testng.internal.TestMethodWorker.run(TestMethodWorker.java:109)
at org.testng.TestRunner.privateRun(TestRunner.java:648)
at org.testng.TestRunner.run(TestRunner.java:505)
at org.testng.SuiteRunner.runTest(SuiteRunner.java:455)
at org.testng.SuiteRunner.runSequentially(SuiteRunner.java:450)
at org.testng.SuiteRunner.privateRun(SuiteRunner.java:415)
at org.testng.SuiteRunner.run(SuiteRunner.java:364)
at org.testng.SuiteRunnerWorker.runSuite(SuiteRunnerWorker.java:52)
at org.testng.SuiteRunnerWorker.run(SuiteRunnerWorker.java:84)
at org.testng.TestNG.runSuitesSequentially(TestNG.java:1208)
at org.testng.TestNG.runSuitesSequentially(TestNG.java:1204)
at org.testng.TestNG.runSuitesLocally(TestNG.java:1137)
at org.testng.TestNG.runSuites(TestNG.java:1049)
at org.testng.TestNG.run(TestNG.java:1017)
at org.testng.TestNG.privateMain(TestNG.java:1354)
at org.testng.TestNG.main(TestNG.java:1323)
]]>
            </full-stacktrace>
          </exception> <!-- org.openqa.selenium.ElementNotInteractableException -->
          <reporter-output>
            <line>
              <![CDATA[<img src='file:///D:\demo\20181226\20181226-205323.png' onclick='window.open("file:///D:\\demo\\20181226\\20181226-205323.png")'  height='100px' width='100px' />]]>
            </line>
          </reporter-output>
        </test-method> <!-- loginSuccess2 -->
        <test-method status="FAIL" signature="loginfail()[pri:0, instance:com.edu.test.Login_Test@1f554b06]" name="loginfail" duration-ms="4808" started-at="2018-12-26T12:53:24Z" description="失败登录" finished-at="2018-12-26T12:53:28Z">
          <exception class="java.lang.AssertionError">
            <message>
              <![CDATA[expected [true] but found [false]]]>
            </message>
            <full-stacktrace>
              <![CDATA[java.lang.AssertionError: expected [true] but found [false]
at org.testng.Assert.fail(Assert.java:96)
at org.testng.Assert.failNotEquals(Assert.java:776)
at org.testng.Assert.assertTrue(Assert.java:44)
at org.testng.Assert.assertTrue(Assert.java:54)
at com.edu.test.Login_Test.loginfail(Unknown Source)
at sun.reflect.NativeMethodAccessorImpl.invoke0(Native Method)
at sun.reflect.NativeMethodAccessorImpl.invoke(NativeMethodAccessorImpl.java:62)
at sun.reflect.DelegatingMethodAccessorImpl.invoke(DelegatingMethodAccessorImpl.java:43)
at java.lang.reflect.Method.invoke(Method.java:498)
at org.testng.internal.MethodInvocationHelper.invokeMethod(MethodInvocationHelper.java:124)
at org.testng.internal.Invoker.invokeMethod(Invoker.java:580)
at org.testng.internal.Invoker.invokeTestMethod(Invoker.java:716)
at org.testng.internal.Invoker.invokeTestMethods(Invoker.java:988)
at org.testng.internal.TestMethodWorker.invokeTestMethods(TestMethodWorker.java:125)
at org.testng.internal.TestMethodWorker.run(TestMethodWorker.java:109)
at org.testng.TestRunner.privateRun(TestRunner.java:648)
at org.testng.TestRunner.run(TestRunner.java:505)
at org.testng.SuiteRunner.runTest(SuiteRunner.java:455)
at org.testng.SuiteRunner.runSequentially(SuiteRunner.java:450)
at org.testng.SuiteRunner.privateRun(SuiteRunner.java:415)
at org.testng.SuiteRunner.run(SuiteRunner.java:364)
at org.testng.SuiteRunnerWorker.runSuite(SuiteRunnerWorker.java:52)
at org.testng.SuiteRunnerWorker.run(SuiteRunnerWorker.java:84)
at org.testng.TestNG.runSuitesSequentially(TestNG.java:1208)
at org.testng.TestNG.runSuitesSequentially(TestNG.java:1204)
at org.testng.TestNG.runSuitesLocally(TestNG.java:1137)
at org.testng.TestNG.runSuites(TestNG.java:1049)
at org.testng.TestNG.run(TestNG.java:1017)
at org.testng.TestNG.privateMain(TestNG.java:1354)
at org.testng.TestNG.main(TestNG.java:1323)
]]>
            </full-stacktrace>
          </exception> <!-- java.lang.AssertionError -->
          <reporter-output>
            <line>
              <![CDATA[<img src='file:///D:\demo\20181226\20181226-205328.png' onclick='window.open("file:///D:\\demo\\20181226\\20181226-205328.png")'  height='100px' width='100px' />]]>
            </line>
          </reporter-output>
        </test-method> <!-- loginfail -->
        <test-method status="PASS" signature="doAfterMethod()[pri:0, instance:com.edu.test.Login_Test@1f554b06]" name="doAfterMethod" is-config="true" duration-ms="1125" started-at="2018-12-26T12:53:29Z" finished-at="2018-12-26T12:53:30Z">
          <reporter-output>
          </reporter-output>
        </test-method> <!-- doAfterMethod -->
      </class> <!-- com.edu.test.Login_Test -->
    </test> <!-- 登录 -->
    <test name="搜索框" duration-ms="49474" started-at="2018-12-26T12:53:32Z" finished-at="2018-12-26T12:54:22Z">
      <class name="com.edu.test.Search_Test">
        <test-method status="PASS" signature="doBeforeSuite()[pri:0, instance:com.edu.test.Search_Test@7f13d6e]" name="doBeforeSuite" is-config="true" duration-ms="4577" started-at="2018-12-26T12:53:32Z" finished-at="2018-12-26T12:53:37Z">
          <reporter-output>
          </reporter-output>
        </test-method> <!-- doBeforeSuite -->
        <test-method status="PASS" signature="before_Login()[pri:0, instance:com.edu.test.Search_Test@7f13d6e]" name="before_Login" is-config="true" duration-ms="9576" started-at="2018-12-26T12:53:37Z" finished-at="2018-12-26T12:53:46Z">
          <reporter-output>
          </reporter-output>
        </test-method> <!-- before_Login -->
        <test-method status="PASS" signature="search_success()[pri:0, instance:com.edu.test.Search_Test@7f13d6e]" name="search_success" duration-ms="16525" started-at="2018-12-26T12:53:46Z" description="正常搜索" finished-at="2018-12-26T12:54:03Z">
          <reporter-output>
          </reporter-output>
        </test-method> <!-- search_success -->
        <test-method status="PASS" signature="search_fail()[pri:0, instance:com.edu.test.Search_Test@7f13d6e]" name="search_fail" duration-ms="10013" started-at="2018-12-26T12:54:03Z" description="搜索不存在的内容" finished-at="2018-12-26T12:54:13Z">
          <reporter-output>
          </reporter-output>
        </test-method> <!-- search_fail -->
        <test-method status="PASS" signature="search_null()[pri:0, instance:com.edu.test.Search_Test@7f13d6e]" name="search_null" duration-ms="8263" started-at="2018-12-26T12:54:13Z" description="搜索空内容" finished-at="2018-12-26T12:54:21Z">
          <reporter-output>
          </reporter-output>
        </test-method> <!-- search_null -->
        <test-method status="PASS" signature="doAfterMethod()[pri:0, instance:com.edu.test.Search_Test@7f13d6e]" name="doAfterMethod" is-config="true" duration-ms="518" started-at="2018-12-26T12:54:21Z" finished-at="2018-12-26T12:54:22Z">
          <reporter-output>
          </reporter-output>
        </test-method> <!-- doAfterMethod -->
      </class> <!-- com.edu.test.Search_Test -->
    </test> <!-- 搜索框 -->
    <test name="同步课" duration-ms="109733" started-at="2018-12-26T12:54:23Z" finished-at="2018-12-26T12:56:13Z">
      <class name="com.edu.test.Coures_Apply_Test">
        <test-method status="PASS" signature="doBeforeSuite()[pri:0, instance:com.edu.test.Coures_Apply_Test@10bbd20a]" name="doBeforeSuite" is-config="true" duration-ms="4494" started-at="2018-12-26T12:54:23Z" finished-at="2018-12-26T12:54:28Z">
          <reporter-output>
          </reporter-output>
        </test-method> <!-- doBeforeSuite -->
        <test-method status="PASS" signature="setup()[pri:0, instance:com.edu.test.Coures_Apply_Test@10bbd20a]" name="setup" is-config="true" duration-ms="9266" started-at="2018-12-26T12:54:28Z" finished-at="2018-12-26T12:54:37Z">
          <reporter-output>
          </reporter-output>
        </test-method> <!-- setup -->
        <test-method status="PASS" signature="course()[pri:0, instance:com.edu.test.Coures_Apply_Test@10bbd20a]" name="course" duration-ms="18123" started-at="2018-12-26T12:54:37Z" description="申请同步课" finished-at="2018-12-26T12:54:55Z">
          <reporter-output>
          </reporter-output>
        </test-method> <!-- course -->
        <test-method status="PASS" signature="setup()[pri:0, instance:com.edu.test.Coures_Apply_Test@10bbd20a]" name="setup" is-config="true" duration-ms="4507" started-at="2018-12-26T12:54:55Z" finished-at="2018-12-26T12:55:00Z">
          <reporter-output>
          </reporter-output>
        </test-method> <!-- setup -->
        <test-method status="PASS" signature="course2()[pri:0, instance:com.edu.test.Coures_Apply_Test@10bbd20a]" name="course2" duration-ms="33936" started-at="2018-12-26T12:55:00Z" description="申请同步课，关注成员" finished-at="2018-12-26T12:55:34Z">
          <reporter-output>
          </reporter-output>
        </test-method> <!-- course2 -->
        <test-method status="PASS" signature="setup()[pri:0, instance:com.edu.test.Coures_Apply_Test@10bbd20a]" name="setup" is-config="true" duration-ms="4765" started-at="2018-12-26T12:55:34Z" finished-at="2018-12-26T12:55:38Z">
          <reporter-output>
          </reporter-output>
        </test-method> <!-- setup -->
        <test-method status="PASS" signature="ownCourse()[pri:0, instance:com.edu.test.Coures_Apply_Test@10bbd20a]" name="ownCourse" duration-ms="33970" started-at="2018-12-26T12:55:38Z" description="查看已加入的同步课" finished-at="2018-12-26T12:56:12Z">
          <reporter-output>
          </reporter-output>
        </test-method> <!-- ownCourse -->
        <test-method status="PASS" signature="doAfterMethod()[pri:0, instance:com.edu.test.Coures_Apply_Test@10bbd20a]" name="doAfterMethod" is-config="true" duration-ms="670" started-at="2018-12-26T12:56:12Z" finished-at="2018-12-26T12:56:13Z">
          <reporter-output>
          </reporter-output>
        </test-method> <!-- doAfterMethod -->
      </class> <!-- com.edu.test.Coures_Apply_Test -->
    </test> <!-- 同步课 -->
    <test name="课程" duration-ms="113263" started-at="2018-12-26T12:56:15Z" finished-at="2018-12-26T12:58:08Z">
      <class name="com.edu.test.Course_Test">
        <test-method status="PASS" signature="doBeforeSuite()[pri:0, instance:com.edu.test.Course_Test@394e1a0f]" name="doBeforeSuite" is-config="true" duration-ms="4515" started-at="2018-12-26T12:56:15Z" finished-at="2018-12-26T12:56:20Z">
          <reporter-output>
          </reporter-output>
        </test-method> <!-- doBeforeSuite -->
        <test-method status="PASS" signature="before_Login()[pri:0, instance:com.edu.test.Course_Test@394e1a0f]" name="before_Login" is-config="true" duration-ms="9607" started-at="2018-12-26T12:56:20Z" finished-at="2018-12-26T12:56:29Z">
          <reporter-output>
          </reporter-output>
        </test-method> <!-- before_Login -->
        <test-method status="PASS" signature="course_Search()[pri:0, instance:com.edu.test.Course_Test@394e1a0f]" name="course_Search" duration-ms="18139" started-at="2018-12-26T12:56:29Z" description="直接搜索课程" finished-at="2018-12-26T12:56:47Z">
          <reporter-output>
          </reporter-output>
        </test-method> <!-- course_Search -->
        <test-method status="PASS" signature="course_Search2()[pri:0, instance:com.edu.test.Course_Test@394e1a0f]" name="course_Search2" duration-ms="27421" started-at="2018-12-26T12:56:47Z" description="搜索分类课程" finished-at="2018-12-26T12:57:15Z">
          <reporter-output>
          </reporter-output>
        </test-method> <!-- course_Search2 -->
        <test-method status="PASS" signature="course_Search3()[pri:0, instance:com.edu.test.Course_Test@394e1a0f]" name="course_Search3" duration-ms="32942" started-at="2018-12-26T12:57:15Z" description="搜索具体分类体系课程，并关注" finished-at="2018-12-26T12:57:48Z">
          <reporter-output>
          </reporter-output>
        </test-method> <!-- course_Search3 -->
        <test-method status="PASS" signature="course_Look()[pri:0, instance:com.edu.test.Course_Test@394e1a0f]" name="course_Look" duration-ms="19990" started-at="2018-12-26T12:57:48Z" description="查看我的课程" finished-at="2018-12-26T12:58:08Z">
          <reporter-output>
          </reporter-output>
        </test-method> <!-- course_Look -->
        <test-method status="PASS" signature="doAfterMethod()[pri:0, instance:com.edu.test.Course_Test@394e1a0f]" name="doAfterMethod" is-config="true" duration-ms="646" started-at="2018-12-26T12:58:08Z" finished-at="2018-12-26T12:58:08Z">
          <reporter-output>
          </reporter-output>
        </test-method> <!-- doAfterMethod -->
      </class> <!-- com.edu.test.Course_Test -->
    </test> <!-- 课程 -->
    <test name="通知" duration-ms="57202" started-at="2018-12-26T12:58:10Z" finished-at="2018-12-26T12:59:07Z">
      <class name="com.edu.test.Notice_Test">
        <test-method status="PASS" signature="doBeforeSuite()[pri:0, instance:com.edu.test.Notice_Test@3b088d51]" name="doBeforeSuite" is-config="true" duration-ms="4431" started-at="2018-12-26T12:58:10Z" finished-at="2018-12-26T12:58:14Z">
          <reporter-output>
          </reporter-output>
        </test-method> <!-- doBeforeSuite -->
        <test-method status="PASS" signature="before_Login()[pri:0, instance:com.edu.test.Notice_Test@3b088d51]" name="before_Login" is-config="true" duration-ms="9700" started-at="2018-12-26T12:58:14Z" finished-at="2018-12-26T12:58:24Z">
          <reporter-output>
          </reporter-output>
        </test-method> <!-- before_Login -->
        <test-method status="PASS" signature="each_Notice()[pri:0, instance:com.edu.test.Notice_Test@3b088d51]" name="each_Notice" is-config="true" duration-ms="4753" started-at="2018-12-26T12:58:24Z" finished-at="2018-12-26T12:58:29Z">
          <reporter-output>
          </reporter-output>
        </test-method> <!-- each_Notice -->
        <test-method status="PASS" signature="notice()[pri:0, instance:com.edu.test.Notice_Test@3b088d51]" name="notice" duration-ms="42" started-at="2018-12-26T12:58:29Z" description="@我的" finished-at="2018-12-26T12:58:29Z">
          <reporter-output>
          </reporter-output>
        </test-method> <!-- notice -->
        <test-method status="PASS" signature="each_Notice()[pri:0, instance:com.edu.test.Notice_Test@3b088d51]" name="each_Notice" is-config="true" duration-ms="4825" started-at="2018-12-26T12:58:29Z" finished-at="2018-12-26T12:58:34Z">
          <reporter-output>
          </reporter-output>
        </test-method> <!-- each_Notice -->
        <test-method status="PASS" signature="praise()[pri:0, instance:com.edu.test.Notice_Test@3b088d51]" name="praise" duration-ms="2208" started-at="2018-12-26T12:58:34Z" description="收到的赞" finished-at="2018-12-26T12:58:36Z">
          <reporter-output>
          </reporter-output>
        </test-method> <!-- praise -->
        <test-method status="PASS" signature="each_Notice()[pri:0, instance:com.edu.test.Notice_Test@3b088d51]" name="each_Notice" is-config="true" duration-ms="4839" started-at="2018-12-26T12:58:36Z" finished-at="2018-12-26T12:58:41Z">
          <reporter-output>
          </reporter-output>
        </test-method> <!-- each_Notice -->
        <test-method status="PASS" signature="comment()[pri:0, instance:com.edu.test.Notice_Test@3b088d51]" name="comment" duration-ms="25964" started-at="2018-12-26T12:58:41Z" description="查看评论" finished-at="2018-12-26T12:59:07Z">
          <reporter-output>
          </reporter-output>
        </test-method> <!-- comment -->
        <test-method status="PASS" signature="doAfterMethod()[pri:0, instance:com.edu.test.Notice_Test@3b088d51]" name="doAfterMethod" is-config="true" duration-ms="439" started-at="2018-12-26T12:59:07Z" finished-at="2018-12-26T12:59:07Z">
          <reporter-output>
          </reporter-output>
        </test-method> <!-- doAfterMethod -->
      </class> <!-- com.edu.test.Notice_Test -->
    </test> <!-- 通知 -->
    <test name="任务提交" duration-ms="48580" started-at="2018-12-26T12:59:09Z" finished-at="2018-12-26T12:59:58Z">
      <class name="com.edu.test.Work_Submit_Test">
        <test-method status="PASS" signature="doBeforeSuite()[pri:0, instance:com.edu.test.Work_Submit_Test@4d41cee]" name="doBeforeSuite" is-config="true" duration-ms="4490" started-at="2018-12-26T12:59:09Z" finished-at="2018-12-26T12:59:14Z">
          <reporter-output>
          </reporter-output>
        </test-method> <!-- doBeforeSuite -->
        <test-method status="PASS" signature="before_Login()[pri:0, instance:com.edu.test.Work_Submit_Test@4d41cee]" name="before_Login" is-config="true" duration-ms="9603" started-at="2018-12-26T12:59:14Z" finished-at="2018-12-26T12:59:23Z">
          <reporter-output>
          </reporter-output>
        </test-method> <!-- before_Login -->
        <test-method status="PASS" signature="before_EveyrTest()[pri:0, instance:com.edu.test.Work_Submit_Test@4d41cee]" name="before_EveyrTest" is-config="true" duration-ms="3484" started-at="2018-12-26T12:59:23Z" finished-at="2018-12-26T12:59:27Z">
          <reporter-output>
          </reporter-output>
        </test-method> <!-- before_EveyrTest -->
        <test-method status="PASS" signature="code_file_txt()[pri:0, instance:com.edu.test.Work_Submit_Test@4d41cee]" name="code_file_txt" duration-ms="30538" started-at="2018-12-26T12:59:27Z" description="提交附件文本代码" finished-at="2018-12-26T12:59:57Z">
          <reporter-output>
          </reporter-output>
        </test-method> <!-- code_file_txt -->
        <test-method status="PASS" signature="doAfterMethod()[pri:0, instance:com.edu.test.Work_Submit_Test@4d41cee]" name="doAfterMethod" is-config="true" duration-ms="464" started-at="2018-12-26T12:59:57Z" finished-at="2018-12-26T12:59:58Z">
          <reporter-output>
          </reporter-output>
        </test-method> <!-- doAfterMethod -->
      </class> <!-- com.edu.test.Work_Submit_Test -->
    </test> <!-- 任务提交 -->
    <test name="修改作业" duration-ms="53176" started-at="2018-12-26T13:00:00Z" finished-at="2018-12-26T13:00:53Z">
      <class name="com.edu.test.Work_Change_Test">
        <test-method status="PASS" signature="doBeforeSuite()[pri:0, instance:com.edu.test.Work_Change_Test@59e5ddf]" name="doBeforeSuite" is-config="true" duration-ms="4497" started-at="2018-12-26T13:00:00Z" finished-at="2018-12-26T13:00:04Z">
          <reporter-output>
          </reporter-output>
        </test-method> <!-- doBeforeSuite -->
        <test-method status="PASS" signature="before_Login()[pri:0, instance:com.edu.test.Work_Change_Test@59e5ddf]" name="before_Login" is-config="true" duration-ms="9703" started-at="2018-12-26T13:00:04Z" finished-at="2018-12-26T13:00:14Z">
          <reporter-output>
          </reporter-output>
        </test-method> <!-- before_Login -->
        <test-method status="PASS" signature="before()[pri:0, instance:com.edu.test.Work_Change_Test@59e5ddf]" name="before" is-config="true" duration-ms="9174" started-at="2018-12-26T13:00:14Z" finished-at="2018-12-26T13:00:23Z">
          <reporter-output>
          </reporter-output>
        </test-method> <!-- before -->
        <test-method status="PASS" signature="change_work()[pri:0, instance:com.edu.test.Work_Change_Test@59e5ddf]" name="change_work" duration-ms="29308" started-at="2018-12-26T13:00:23Z" description="作业修改" finished-at="2018-12-26T13:00:52Z">
          <reporter-output>
          </reporter-output>
        </test-method> <!-- change_work -->
        <test-method status="PASS" signature="doAfterMethod()[pri:0, instance:com.edu.test.Work_Change_Test@59e5ddf]" name="doAfterMethod" is-config="true" duration-ms="494" started-at="2018-12-26T13:00:52Z" finished-at="2018-12-26T13:00:53Z">
          <reporter-output>
          </reporter-output>
        </test-method> <!-- doAfterMethod -->
      </class> <!-- com.edu.test.Work_Change_Test -->
    </test> <!-- 修改作业 -->
    <test name="查看作业" duration-ms="22520" started-at="2018-12-26T13:00:55Z" finished-at="2018-12-26T13:01:17Z">
      <class name="com.edu.test.OverWork_Check_Test">
        <test-method status="PASS" signature="doBeforeSuite()[pri:0, instance:com.edu.test.OverWork_Check_Test@2781e022]" name="doBeforeSuite" is-config="true" duration-ms="3962" started-at="2018-12-26T13:00:55Z" finished-at="2018-12-26T13:00:59Z">
          <reporter-output>
          </reporter-output>
        </test-method> <!-- doBeforeSuite -->
        <test-method status="PASS" signature="before_Login()[pri:0, instance:com.edu.test.OverWork_Check_Test@2781e022]" name="before_Login" is-config="true" duration-ms="9656" started-at="2018-12-26T13:00:59Z" finished-at="2018-12-26T13:01:08Z">
          <reporter-output>
          </reporter-output>
        </test-method> <!-- before_Login -->
        <test-method status="PASS" signature="look_work()[pri:0, instance:com.edu.test.OverWork_Check_Test@2781e022]" name="look_work" duration-ms="8369" started-at="2018-12-26T13:01:08Z" description="已完结课程查看" finished-at="2018-12-26T13:01:17Z">
          <reporter-output>
          </reporter-output>
        </test-method> <!-- look_work -->
        <test-method status="PASS" signature="doAfterMethod()[pri:0, instance:com.edu.test.OverWork_Check_Test@2781e022]" name="doAfterMethod" is-config="true" duration-ms="533" started-at="2018-12-26T13:01:17Z" finished-at="2018-12-26T13:01:17Z">
          <reporter-output>
          </reporter-output>
        </test-method> <!-- doAfterMethod -->
      </class> <!-- com.edu.test.OverWork_Check_Test -->
    </test> <!-- 查看作业 -->
    <test name="且说" duration-ms="215187" started-at="2018-12-26T13:01:19Z" finished-at="2018-12-26T13:04:54Z">
      <class name="com.edu.test.QieShuo_Test">
        <test-method status="PASS" signature="doBeforeSuite()[pri:0, instance:com.edu.test.QieShuo_Test@7a1ebcd8]" name="doBeforeSuite" is-config="true" duration-ms="4581" started-at="2018-12-26T13:01:19Z" finished-at="2018-12-26T13:01:23Z">
          <reporter-output>
          </reporter-output>
        </test-method> <!-- doBeforeSuite -->
        <test-method status="PASS" signature="setup()[pri:0, instance:com.edu.test.QieShuo_Test@7a1ebcd8]" name="setup" is-config="true" duration-ms="9586" started-at="2018-12-26T13:01:23Z" finished-at="2018-12-26T13:01:33Z">
          <reporter-output>
          </reporter-output>
        </test-method> <!-- setup -->
        <test-method status="PASS" signature="comment()[pri:0, instance:com.edu.test.QieShuo_Test@7a1ebcd8]" name="comment" duration-ms="20365" started-at="2018-12-26T13:01:33Z" description="发表评论" finished-at="2018-12-26T13:01:53Z">
          <reporter-output>
          </reporter-output>
        </test-method> <!-- comment -->
        <test-method status="PASS" signature="commentCode()[pri:0, instance:com.edu.test.QieShuo_Test@7a1ebcd8]" name="commentCode" duration-ms="29527" started-at="2018-12-26T13:01:53Z" description="发表代码评论" finished-at="2018-12-26T13:02:23Z">
          <reporter-output>
          </reporter-output>
        </test-method> <!-- commentCode -->
        <test-method status="FAIL" signature="comment2()[pri:0, instance:com.edu.test.QieShuo_Test@7a1ebcd8]" name="comment2" duration-ms="19278" started-at="2018-12-26T13:02:23Z" description="发表敏感词汇" finished-at="2018-12-26T13:02:42Z">
          <exception class="java.lang.AssertionError">
            <message>
              <![CDATA[expected [true] but found [false]]]>
            </message>
            <full-stacktrace>
              <![CDATA[java.lang.AssertionError: expected [true] but found [false]
at org.testng.Assert.fail(Assert.java:96)
at org.testng.Assert.failNotEquals(Assert.java:776)
at org.testng.Assert.assertTrue(Assert.java:44)
at org.testng.Assert.assertTrue(Assert.java:54)
at com.edu.test.QieShuo_Test.comment2(Unknown Source)
at sun.reflect.NativeMethodAccessorImpl.invoke0(Native Method)
at sun.reflect.NativeMethodAccessorImpl.invoke(NativeMethodAccessorImpl.java:62)
at sun.reflect.DelegatingMethodAccessorImpl.invoke(DelegatingMethodAccessorImpl.java:43)
at java.lang.reflect.Method.invoke(Method.java:498)
at org.testng.internal.MethodInvocationHelper.invokeMethod(MethodInvocationHelper.java:124)
at org.testng.internal.Invoker.invokeMethod(Invoker.java:580)
at org.testng.internal.Invoker.invokeTestMethod(Invoker.java:716)
at org.testng.internal.Invoker.invokeTestMethods(Invoker.java:988)
at org.testng.internal.TestMethodWorker.invokeTestMethods(TestMethodWorker.java:125)
at org.testng.internal.TestMethodWorker.run(TestMethodWorker.java:109)
at org.testng.TestRunner.privateRun(TestRunner.java:648)
at org.testng.TestRunner.run(TestRunner.java:505)
at org.testng.SuiteRunner.runTest(SuiteRunner.java:455)
at org.testng.SuiteRunner.runSequentially(SuiteRunner.java:450)
at org.testng.SuiteRunner.privateRun(SuiteRunner.java:415)
at org.testng.SuiteRunner.run(SuiteRunner.java:364)
at org.testng.SuiteRunnerWorker.runSuite(SuiteRunnerWorker.java:52)
at org.testng.SuiteRunnerWorker.run(SuiteRunnerWorker.java:84)
at org.testng.TestNG.runSuitesSequentially(TestNG.java:1208)
at org.testng.TestNG.runSuitesSequentially(TestNG.java:1204)
at org.testng.TestNG.runSuitesLocally(TestNG.java:1137)
at org.testng.TestNG.runSuites(TestNG.java:1049)
at org.testng.TestNG.run(TestNG.java:1017)
at org.testng.TestNG.privateMain(TestNG.java:1354)
at org.testng.TestNG.main(TestNG.java:1323)
]]>
            </full-stacktrace>
          </exception> <!-- java.lang.AssertionError -->
          <reporter-output>
            <line>
              <![CDATA[<img src='file:///D:\demo\20181226\20181226-210242.png' onclick='window.open("file:///D:\\demo\\20181226\\20181226-210242.png")'  height='100px' width='100px' />]]>
            </line>
          </reporter-output>
        </test-method> <!-- comment2 -->
        <test-method status="PASS" signature="commentPic()[pri:0, instance:com.edu.test.QieShuo_Test@7a1ebcd8]" name="commentPic" duration-ms="22791" started-at="2018-12-26T13:02:42Z" description="发表图片评论" finished-at="2018-12-26T13:03:05Z">
          <reporter-output>
          </reporter-output>
        </test-method> <!-- commentPic -->
        <test-method status="PASS" signature="commentLong()[pri:0, instance:com.edu.test.QieShuo_Test@7a1ebcd8]" name="commentLong" duration-ms="32144" started-at="2018-12-26T13:03:05Z" description="发长文" finished-at="2018-12-26T13:03:37Z">
          <reporter-output>
          </reporter-output>
        </test-method> <!-- commentLong -->
        <test-method status="PASS" signature="commentLong_Fail1()[pri:0, instance:com.edu.test.QieShuo_Test@7a1ebcd8]" name="commentLong_Fail1" duration-ms="29630" started-at="2018-12-26T13:03:37Z" description="无封面长文" finished-at="2018-12-26T13:04:07Z">
          <reporter-output>
          </reporter-output>
        </test-method> <!-- commentLong_Fail1 -->
        <test-method status="PASS" signature="commentLong_Fail3()[pri:0, instance:com.edu.test.QieShuo_Test@7a1ebcd8]" name="commentLong_Fail3" duration-ms="22836" started-at="2018-12-26T13:04:07Z" description="无正文长文" finished-at="2018-12-26T13:04:30Z">
          <reporter-output>
          </reporter-output>
        </test-method> <!-- commentLong_Fail3 -->
        <test-method status="PASS" signature="commentLong_Fail2()[pri:0, instance:com.edu.test.QieShuo_Test@7a1ebcd8]" name="commentLong_Fail2" duration-ms="23140" started-at="2018-12-26T13:04:30Z" description="无标题长文" finished-at="2018-12-26T13:04:53Z">
          <reporter-output>
          </reporter-output>
        </test-method> <!-- commentLong_Fail2 -->
        <test-method status="PASS" signature="doAfterMethod()[pri:0, instance:com.edu.test.QieShuo_Test@7a1ebcd8]" name="doAfterMethod" is-config="true" duration-ms="1079" started-at="2018-12-26T13:04:53Z" finished-at="2018-12-26T13:04:54Z">
          <reporter-output>
          </reporter-output>
        </test-method> <!-- doAfterMethod -->
      </class> <!-- com.edu.test.QieShuo_Test -->
    </test> <!-- 且说 -->
    <test name="个人信息" duration-ms="171855" started-at="2018-12-26T13:04:56Z" finished-at="2018-12-26T13:07:48Z">
      <class name="com.edu.test.Own_Message_Test">
        <test-method status="PASS" signature="doBeforeSuite()[pri:0, instance:com.edu.test.Own_Message_Test@34c4973]" name="doBeforeSuite" is-config="true" duration-ms="4091" started-at="2018-12-26T13:04:56Z" finished-at="2018-12-26T13:05:00Z">
          <reporter-output>
          </reporter-output>
        </test-method> <!-- doBeforeSuite -->
        <test-method status="PASS" signature="before_Login()[pri:0, instance:com.edu.test.Own_Message_Test@34c4973]" name="before_Login" is-config="true" duration-ms="9413" started-at="2018-12-26T13:05:00Z" finished-at="2018-12-26T13:05:09Z">
          <reporter-output>
          </reporter-output>
        </test-method> <!-- before_Login -->
        <test-method status="PASS" signature="own_Beg()[pri:0, instance:com.edu.test.Own_Message_Test@34c4973]" name="own_Beg" is-config="true" duration-ms="5196" started-at="2018-12-26T13:05:09Z" finished-at="2018-12-26T13:05:15Z">
          <reporter-output>
          </reporter-output>
        </test-method> <!-- own_Beg -->
        <test-method status="PASS" signature="own_Message()[pri:0, instance:com.edu.test.Own_Message_Test@34c4973]" name="own_Message" duration-ms="6451" started-at="2018-12-26T13:05:15Z" description="查看个人主页" finished-at="2018-12-26T13:05:21Z">
          <reporter-output>
          </reporter-output>
        </test-method> <!-- own_Message -->
        <test-method status="PASS" signature="own_Beg()[pri:0, instance:com.edu.test.Own_Message_Test@34c4973]" name="own_Beg" is-config="true" duration-ms="5131" started-at="2018-12-26T13:05:21Z" finished-at="2018-12-26T13:05:26Z">
          <reporter-output>
          </reporter-output>
        </test-method> <!-- own_Beg -->
        <test-method status="PASS" signature="edit_Message()[pri:0, instance:com.edu.test.Own_Message_Test@34c4973]" name="edit_Message" duration-ms="29940" started-at="2018-12-26T13:05:26Z" description="修改个人简介" finished-at="2018-12-26T13:05:56Z">
          <reporter-output>
          </reporter-output>
        </test-method> <!-- edit_Message -->
        <test-method status="PASS" signature="own_Beg()[pri:0, instance:com.edu.test.Own_Message_Test@34c4973]" name="own_Beg" is-config="true" duration-ms="5126" started-at="2018-12-26T13:05:56Z" finished-at="2018-12-26T13:06:01Z">
          <reporter-output>
          </reporter-output>
        </test-method> <!-- own_Beg -->
        <test-method status="PASS" signature="edit_PasswordFailed()[pri:0, instance:com.edu.test.Own_Message_Test@34c4973]" name="edit_PasswordFailed" duration-ms="19142" started-at="2018-12-26T13:06:01Z" description="修改密码失败-新密码与确认密码不同" finished-at="2018-12-26T13:06:20Z">
          <reporter-output>
          </reporter-output>
        </test-method> <!-- edit_PasswordFailed -->
        <test-method status="PASS" signature="own_Beg()[pri:0, instance:com.edu.test.Own_Message_Test@34c4973]" name="own_Beg" is-config="true" duration-ms="5120" started-at="2018-12-26T13:06:20Z" finished-at="2018-12-26T13:06:25Z">
          <reporter-output>
          </reporter-output>
        </test-method> <!-- own_Beg -->
        <test-method status="PASS" signature="edit_PasswordFailed2()[pri:0, instance:com.edu.test.Own_Message_Test@34c4973]" name="edit_PasswordFailed2" duration-ms="18911" started-at="2018-12-26T13:06:25Z" description="修改密码失败-新旧密码相同" finished-at="2018-12-26T13:06:44Z">
          <reporter-output>
          </reporter-output>
        </test-method> <!-- edit_PasswordFailed2 -->
        <test-method status="PASS" signature="own_Beg()[pri:0, instance:com.edu.test.Own_Message_Test@34c4973]" name="own_Beg" is-config="true" duration-ms="5145" started-at="2018-12-26T13:06:44Z" finished-at="2018-12-26T13:06:50Z">
          <reporter-output>
          </reporter-output>
        </test-method> <!-- own_Beg -->
        <test-method status="PASS" signature="edit_PasswordFailed3()[pri:0, instance:com.edu.test.Own_Message_Test@34c4973]" name="edit_PasswordFailed3" duration-ms="18883" started-at="2018-12-26T13:06:50Z" description="修改密码失败-旧密码错误" finished-at="2018-12-26T13:07:08Z">
          <reporter-output>
          </reporter-output>
        </test-method> <!-- edit_PasswordFailed3 -->
        <test-method status="PASS" signature="own_Beg()[pri:0, instance:com.edu.test.Own_Message_Test@34c4973]" name="own_Beg" is-config="true" duration-ms="5130" started-at="2018-12-26T13:07:08Z" finished-at="2018-12-26T13:07:14Z">
          <reporter-output>
          </reporter-output>
        </test-method> <!-- own_Beg -->
        <test-method status="PASS" signature="edit_Password()[pri:0, instance:com.edu.test.Own_Message_Test@34c4973]" name="edit_Password" duration-ms="28252" started-at="2018-12-26T13:07:14Z" description="修改密码成功" finished-at="2018-12-26T13:07:42Z">
          <reporter-output>
          </reporter-output>
        </test-method> <!-- edit_Password -->
        <test-method status="PASS" signature="own_Beg()[pri:0, instance:com.edu.test.Own_Message_Test@34c4973]" name="own_Beg" is-config="true" duration-ms="5139" started-at="2018-12-26T13:07:42Z" finished-at="2018-12-26T13:07:47Z">
          <reporter-output>
          </reporter-output>
        </test-method> <!-- own_Beg -->
        <test-method status="FAIL" signature="exit()[pri:0, instance:com.edu.test.Own_Message_Test@34c4973]" name="exit" duration-ms="41" started-at="2018-12-26T13:07:47Z" description="退出" finished-at="2018-12-26T13:07:47Z">
          <exception class="org.openqa.selenium.ElementNotInteractableException">
            <message>
              <![CDATA[
Build info: version: '3.6.0', revision: '6fbf3ec767', time: '2017-09-27T16:15:40.131Z'
System info: host: 'PC', ip: '192.168.56.1', os.name: 'Windows 7', os.arch: 'amd64', os.version: '6.1', java.version: '1.8.0_191'
Driver info: org.openqa.selenium.firefox.FirefoxDriver
Capabilities [{moz:profile=C:\Users\Administrator\AppData\Local\Temp\rust_mozprofile.fCO7ovlHrpo6, rotatable=false, timeouts={implicit=0, pageLoad=300000, script=30000}, pageLoadStrategy=normal, moz:headless=false, platform=XP, specificationLevel=0, moz:accessibilityChecks=false, acceptInsecureCerts=true, browserVersion=56.0, platformVersion=6.1, moz:processID=11320, browserName=firefox, javascriptEnabled=true, platformName=XP}]
Session ID: 3e5bcb38-7783-4b3b-9231-cfcc3f379537]]>
            </message>
            <full-stacktrace>
              <![CDATA[org.openqa.selenium.ElementNotInteractableException: 
Build info: version: '3.6.0', revision: '6fbf3ec767', time: '2017-09-27T16:15:40.131Z'
System info: host: 'PC', ip: '192.168.56.1', os.name: 'Windows 7', os.arch: 'amd64', os.version: '6.1', java.version: '1.8.0_191'
Driver info: org.openqa.selenium.firefox.FirefoxDriver
Capabilities [{moz:profile=C:\Users\Administrator\AppData\Local\Temp\rust_mozprofile.fCO7ovlHrpo6, rotatable=false, timeouts={implicit=0, pageLoad=300000, script=30000}, pageLoadStrategy=normal, moz:headless=false, platform=XP, specificationLevel=0, moz:accessibilityChecks=false, acceptInsecureCerts=true, browserVersion=56.0, platformVersion=6.1, moz:processID=11320, browserName=firefox, javascriptEnabled=true, platformName=XP}]
Session ID: 3e5bcb38-7783-4b3b-9231-cfcc3f379537
at sun.reflect.NativeConstructorAccessorImpl.newInstance0(Native Method)
at sun.reflect.NativeConstructorAccessorImpl.newInstance(NativeConstructorAccessorImpl.java:62)
at sun.reflect.DelegatingConstructorAccessorImpl.newInstance(DelegatingConstructorAccessorImpl.java:45)
at java.lang.reflect.Constructor.newInstance(Constructor.java:423)
at org.openqa.selenium.remote.http.W3CHttpResponseCodec.createException(W3CHttpResponseCodec.java:185)
at org.openqa.selenium.remote.http.W3CHttpResponseCodec.decode(W3CHttpResponseCodec.java:120)
at org.openqa.selenium.remote.http.W3CHttpResponseCodec.decode(W3CHttpResponseCodec.java:49)
at org.openqa.selenium.remote.HttpCommandExecutor.execute(HttpCommandExecutor.java:164)
at org.openqa.selenium.remote.service.DriverCommandExecutor.execute(DriverCommandExecutor.java:83)
at org.openqa.selenium.remote.RemoteWebDriver.execute(RemoteWebDriver.java:586)
at org.openqa.selenium.remote.RemoteWebElement.execute(RemoteWebElement.java:279)
at org.openqa.selenium.remote.RemoteWebElement.click(RemoteWebElement.java:83)
at com.edu.core.WebDriverEngine.click(Unknown Source)
at com.edu.test.Own_Message_Test.exit(Unknown Source)
at sun.reflect.NativeMethodAccessorImpl.invoke0(Native Method)
at sun.reflect.NativeMethodAccessorImpl.invoke(NativeMethodAccessorImpl.java:62)
at sun.reflect.DelegatingMethodAccessorImpl.invoke(DelegatingMethodAccessorImpl.java:43)
at java.lang.reflect.Method.invoke(Method.java:498)
at org.testng.internal.MethodInvocationHelper.invokeMethod(MethodInvocationHelper.java:124)
at org.testng.internal.Invoker.invokeMethod(Invoker.java:580)
at org.testng.internal.Invoker.invokeTestMethod(Invoker.java:716)
at org.testng.internal.Invoker.invokeTestMethods(Invoker.java:988)
at org.testng.internal.TestMethodWorker.invokeTestMethods(TestMethodWorker.java:125)
at org.testng.internal.TestMethodWorker.run(TestMethodWorker.java:109)
at org.testng.TestRunner.privateRun(TestRunner.java:648)
at org.testng.TestRunner.run(TestRunner.java:505)
at org.testng.SuiteRunner.runTest(SuiteRunner.java:455)
at org.testng.SuiteRunner.runSequentially(SuiteRunner.java:450)
at org.testng.SuiteRunner.privateRun(SuiteRunner.java:415)
at org.testng.SuiteRunner.run(SuiteRunner.java:364)
at org.testng.SuiteRunnerWorker.runSuite(SuiteRunnerWorker.java:52)
at org.testng.SuiteRunnerWorker.run(SuiteRunnerWorker.java:84)
at org.testng.TestNG.runSuitesSequentially(TestNG.java:1208)
at org.testng.TestNG.runSuitesSequentially(TestNG.java:1204)
at org.testng.TestNG.runSuitesLocally(TestNG.java:1137)
at org.testng.TestNG.runSuites(TestNG.java:1049)
at org.testng.TestNG.run(TestNG.java:1017)
at org.testng.TestNG.privateMain(TestNG.java:1354)
at org.testng.TestNG.main(TestNG.java:1323)
]]>
            </full-stacktrace>
          </exception> <!-- org.openqa.selenium.ElementNotInteractableException -->
          <reporter-output>
            <line>
              <![CDATA[<img src='file:///D:\demo\20181226\20181226-210747.png' onclick='window.open("file:///D:\\demo\\20181226\\20181226-210747.png")'  height='100px' width='100px' />]]>
            </line>
          </reporter-output>
        </test-method> <!-- exit -->
        <test-method status="PASS" signature="doAfterMethod()[pri:0, instance:com.edu.test.Own_Message_Test@34c4973]" name="doAfterMethod" is-config="true" duration-ms="575" started-at="2018-12-26T13:07:47Z" finished-at="2018-12-26T13:07:48Z">
          <reporter-output>
          </reporter-output>
        </test-method> <!-- doAfterMethod -->
      </class> <!-- com.edu.test.Own_Message_Test -->
    </test> <!-- 个人信息 -->
  </suite> <!-- 雪梨教育测试项目-学生部分 -->
</testng-results>
