<?xml version="1.0" encoding="utf-8" ?>
<!DOCTYPE html PUBLIC "-//W3C//DTD XHTML 1.0 Strict//EN"
        "http://www.w3.org/TR/xhtml1/DTD/xhtml1-strict.dtd">
<html xmlns="http://www.w3.org/1999/xhtml" xml:lang="" lang="">
<head>
  <title>Test Results Report - 接口场景测试</title>
  <meta http-equiv="Content-Type" content="text/html;charset=utf-8" />
  <meta name="description" content="TestNG unit test results." />
  <link href="reportng.css" rel="stylesheet" type="text/css" />
    <script type="text/javascript" src="reportng.js"></script>
</head>
<body>
<h1>接口场景测试</h1>
<p>
  Test duration: 43.182s
</p>



  <table class="resultsTable">
    <tr><th colspan="5" class="header failed">Failed Tests</th></tr>
          <tr>
         <td colspan="1" class="group">com.edu.scene.test.QingGuoScene1_Test</td>
          <td colspan="1" class="group">Duration</td>
          <td colspan="1" class="group">Log Info</td>
          <td colspan="1" class="group">Screen Shot</td>
      </tr>
            
<tr>
  <td class="method">
                  <span class="description">skulist_test5 (查询goodsId=9999的商品列表)</span>
      </td>
  <td class="duration">
    1.184s
  </td>
  <td class="result">
        
    
        

        <a href="javascript:toggleElement('exception-0', 'block')" title="Click to expand/collapse"><b>java.lang.AssertionError: expected [400] but found [200]</b></a><br />
    <div class="stackTrace" id="exception-0">
              org.testng.Assert.fail(Assert.java:96)<br />
              org.testng.Assert.failNotEquals(Assert.java:776)<br />
              org.testng.Assert.assertEqualsImpl(Assert.java:137)<br />
              org.testng.Assert.assertEquals(Assert.java:118)<br />
              org.testng.Assert.assertEquals(Assert.java:652)<br />
              org.testng.Assert.assertEquals(Assert.java:662)<br />
              com.edu.scene.test.QingGuoScene1_Test.skulist_test5(QingGuoScene1_Test.java:60)<br />
              java.base/jdk.internal.reflect.NativeMethodAccessorImpl.invoke0(Native Method)<br />
              java.base/jdk.internal.reflect.NativeMethodAccessorImpl.invoke(NativeMethodAccessorImpl.java:62)<br />
              java.base/jdk.internal.reflect.DelegatingMethodAccessorImpl.invoke(DelegatingMethodAccessorImpl.java:43)<br />
              java.base/java.lang.reflect.Method.invoke(Method.java:564)<br />
              org.testng.internal.MethodInvocationHelper.invokeMethod(MethodInvocationHelper.java:124)<br />
              org.testng.internal.Invoker.invokeMethod(Invoker.java:580)<br />
              org.testng.internal.Invoker.invokeTestMethod(Invoker.java:716)<br />
              org.testng.internal.Invoker.invokeTestMethods(Invoker.java:988)<br />
              org.testng.internal.TestMethodWorker.invokeTestMethods(TestMethodWorker.java:125)<br />
              org.testng.internal.TestMethodWorker.run(TestMethodWorker.java:109)<br />
              org.testng.TestRunner.privateRun(TestRunner.java:648)<br />
              org.testng.TestRunner.run(TestRunner.java:505)<br />
              org.testng.SuiteRunner.runTest(SuiteRunner.java:455)<br />
              org.testng.SuiteRunner.access$000(SuiteRunner.java:40)<br />
              org.testng.SuiteRunner$SuiteWorker.run(SuiteRunner.java:489)<br />
              org.testng.internal.thread.ThreadUtil$1.call(ThreadUtil.java:52)<br />
              java.base/java.util.concurrent.FutureTask.run(FutureTask.java:264)<br />
              java.base/java.util.concurrent.ThreadPoolExecutor.runWorker(ThreadPoolExecutor.java:1167)<br />
              java.base/java.util.concurrent.ThreadPoolExecutor$Worker.run(ThreadPoolExecutor.java:641)<br />
              java.base/java.lang.Thread.run(Thread.java:844)<br />
                </div>
      </td>
  <td class="screenshot">
              </td>
</tr>
<tr>
  <td class="method">
                  <span class="description">skulist_test6 (查询goodsId=2147483648的商品列表)</span>
      </td>
  <td class="duration">
    0.350s
  </td>
  <td class="result">
        
    
        

        <a href="javascript:toggleElement('exception-1', 'block')" title="Click to expand/collapse"><b>java.lang.AssertionError: expected [400] but found [200]</b></a><br />
    <div class="stackTrace" id="exception-1">
              org.testng.Assert.fail(Assert.java:96)<br />
              org.testng.Assert.failNotEquals(Assert.java:776)<br />
              org.testng.Assert.assertEqualsImpl(Assert.java:137)<br />
              org.testng.Assert.assertEquals(Assert.java:118)<br />
              org.testng.Assert.assertEquals(Assert.java:652)<br />
              org.testng.Assert.assertEquals(Assert.java:662)<br />
              com.edu.scene.test.QingGuoScene1_Test.skulist_test6(QingGuoScene1_Test.java:69)<br />
              java.base/jdk.internal.reflect.NativeMethodAccessorImpl.invoke0(Native Method)<br />
              java.base/jdk.internal.reflect.NativeMethodAccessorImpl.invoke(NativeMethodAccessorImpl.java:62)<br />
              java.base/jdk.internal.reflect.DelegatingMethodAccessorImpl.invoke(DelegatingMethodAccessorImpl.java:43)<br />
              java.base/java.lang.reflect.Method.invoke(Method.java:564)<br />
              org.testng.internal.MethodInvocationHelper.invokeMethod(MethodInvocationHelper.java:124)<br />
              org.testng.internal.Invoker.invokeMethod(Invoker.java:580)<br />
              org.testng.internal.Invoker.invokeTestMethod(Invoker.java:716)<br />
              org.testng.internal.Invoker.invokeTestMethods(Invoker.java:988)<br />
              org.testng.internal.TestMethodWorker.invokeTestMethods(TestMethodWorker.java:125)<br />
              org.testng.internal.TestMethodWorker.run(TestMethodWorker.java:109)<br />
              org.testng.TestRunner.privateRun(TestRunner.java:648)<br />
              org.testng.TestRunner.run(TestRunner.java:505)<br />
              org.testng.SuiteRunner.runTest(SuiteRunner.java:455)<br />
              org.testng.SuiteRunner.access$000(SuiteRunner.java:40)<br />
              org.testng.SuiteRunner$SuiteWorker.run(SuiteRunner.java:489)<br />
              org.testng.internal.thread.ThreadUtil$1.call(ThreadUtil.java:52)<br />
              java.base/java.util.concurrent.FutureTask.run(FutureTask.java:264)<br />
              java.base/java.util.concurrent.ThreadPoolExecutor.runWorker(ThreadPoolExecutor.java:1167)<br />
              java.base/java.util.concurrent.ThreadPoolExecutor$Worker.run(ThreadPoolExecutor.java:641)<br />
              java.base/java.lang.Thread.run(Thread.java:844)<br />
                </div>
      </td>
  <td class="screenshot">
              </td>
</tr>
      </table>


  <table class="resultsTable">
    <tr><th colspan="5" class="header passed">Passed Tests</th></tr>
          <tr>
        <td colspan="1" class="group">com.edu.scene.test.QingGuoScene1_Test</td>
          <td colspan="1" class="group">Duration</td>
          <td colspan="1" class="group">Log Info</td>
          <td colspan="1" class="group">Screen Shot</td>
      </tr>
            
<tr>
  <td class="method">
                  <span class="description">skulist_test1 (查询所有的商品列表)</span>
      </td>
  <td class="duration">
    0.718s
  </td>
  <td class="result">
        
    
        

      </td>
  <td class="screenshot">
              </td>
</tr>
<tr>
  <td class="method">
                  <span class="description">skulist_test2 (查询goodsId=1的商品列表)</span>
      </td>
  <td class="duration">
    0.219s
  </td>
  <td class="result">
        
    
        

      </td>
  <td class="screenshot">
              </td>
</tr>
<tr>
  <td class="method">
                  <span class="description">skulist_test3 (查询goodsId=2的商品列表)</span>
      </td>
  <td class="duration">
    0.378s
  </td>
  <td class="result">
        
    
        

      </td>
  <td class="screenshot">
              </td>
</tr>
<tr>
  <td class="method">
                  <span class="description">skulist_test4 (查询goodsId=3的商品列表)</span>
      </td>
  <td class="duration">
    1.526s
  </td>
  <td class="result">
        
    
        

      </td>
  <td class="screenshot">
              </td>
</tr>
          <tr>
        <td colspan="1" class="group">com.edu.scene.test.QingGuoScene2_Test</td>
          <td colspan="1" class="group">Duration</td>
          <td colspan="1" class="group">Log Info</td>
          <td colspan="1" class="group">Screen Shot</td>
      </tr>
            
<tr>
  <td class="method">
                  <span class="description">login_test (正常登录情况)</span>
      </td>
  <td class="duration">
    1.436s
  </td>
  <td class="result">
        
          <i>Method arguments: </i><span class="arguments">"86", "20000000000", "netease123"</span><br />
    
        

      </td>
  <td class="screenshot">
              </td>
</tr>
<tr>
  <td class="method">
                  <span class="description">getAddressList_test1 (查询收货地址)</span>
      </td>
  <td class="duration">
    1.754s
  </td>
  <td class="result">
        
    
        

      </td>
  <td class="screenshot">
              </td>
</tr>
<tr>
  <td class="method">
                  <span class="description">feeTest (查询运费信息)</span>
      </td>
  <td class="duration">
    2.071s
  </td>
  <td class="result">
        
    
        

      </td>
  <td class="screenshot">
              </td>
</tr>
<tr>
  <td class="method">
                  <span class="description">submit_test (提交订单)</span>
      </td>
  <td class="duration">
    1.626s
  </td>
  <td class="result">
        
    
        

      </td>
  <td class="screenshot">
              </td>
</tr>
          <tr>
        <td colspan="1" class="group">com.edu.scene.test.QingGuoScene3_Test</td>
          <td colspan="1" class="group">Duration</td>
          <td colspan="1" class="group">Log Info</td>
          <td colspan="1" class="group">Screen Shot</td>
      </tr>
            
<tr>
  <td class="method">
                  <span class="description">getAddressList_test1 (查询收货地址)</span>
      </td>
  <td class="duration">
    0.705s
  </td>
  <td class="result">
        
    
        

      </td>
  <td class="screenshot">
              </td>
</tr>
<tr>
  <td class="method">
                  <span class="description">addAddress_test (添加新地址)</span>
      </td>
  <td class="duration">
    4.785s
  </td>
  <td class="result">
        
    
        

      </td>
  <td class="screenshot">
              </td>
</tr>
<tr>
  <td class="method">
                  <span class="description">feeTest (查询运费信息)</span>
      </td>
  <td class="duration">
    3.651s
  </td>
  <td class="result">
        
    
        

      </td>
  <td class="screenshot">
              </td>
</tr>
<tr>
  <td class="method">
                  <span class="description">getAddressList_test2 (查询收货地址)</span>
      </td>
  <td class="duration">
    0.307s
  </td>
  <td class="result">
        
    
        

      </td>
  <td class="screenshot">
              </td>
</tr>
<tr>
  <td class="method">
                  <span class="description">submit_test (提交订单)</span>
      </td>
  <td class="duration">
    9.677s
  </td>
  <td class="result">
        
    
        

      </td>
  <td class="screenshot">
              </td>
</tr>
          <tr>
        <td colspan="1" class="group">com.edu.scene.test.QingGuoScene4_Test</td>
          <td colspan="1" class="group">Duration</td>
          <td colspan="1" class="group">Log Info</td>
          <td colspan="1" class="group">Screen Shot</td>
      </tr>
            
<tr>
  <td class="method">
                  <span class="description">login_test (正常登录情况)</span>
      </td>
  <td class="duration">
    0.558s
  </td>
  <td class="result">
        
          <i>Method arguments: </i><span class="arguments">"86", "20000000000", "netease123"</span><br />
    
        

      </td>
  <td class="screenshot">
              </td>
</tr>
<tr>
  <td class="method">
                  <span class="description">getAddressList_test1 (查询收货地址)</span>
      </td>
  <td class="duration">
    1.503s
  </td>
  <td class="result">
        
    
        

      </td>
  <td class="screenshot">
              </td>
</tr>
<tr>
  <td class="method">
                  <span class="description">addressDelete_test (删除地址)</span>
      </td>
  <td class="duration">
    0.597s
  </td>
  <td class="result">
        
    
        

      </td>
  <td class="screenshot">
              </td>
</tr>
<tr>
  <td class="method">
                  <span class="description">addAddress_test (添加新地址)</span>
      </td>
  <td class="duration">
    0.289s
  </td>
  <td class="result">
        
    
        

      </td>
  <td class="screenshot">
              </td>
</tr>
<tr>
  <td class="method">
                  <span class="description">getAddressList_test2 (查询收货地址)</span>
      </td>
  <td class="duration">
    1.508s
  </td>
  <td class="result">
        
    
        

      </td>
  <td class="screenshot">
              </td>
</tr>
<tr>
  <td class="method">
                  <span class="description">feeTest (查询运费信息)</span>
      </td>
  <td class="duration">
    1.751s
  </td>
  <td class="result">
        
    
        

      </td>
  <td class="screenshot">
              </td>
</tr>
<tr>
  <td class="method">
                  <span class="description">submit_test (提交订单)</span>
      </td>
  <td class="duration">
    6.589s
  </td>
  <td class="result">
        
    
        

      </td>
  <td class="screenshot">
              </td>
</tr>
      </table>
  
</body>
</html>
