<?xml version="1.0" encoding="UTF-8"?>
<!-- Generated by org.testng.reporters.JUnitXMLReporter -->
<testsuite hostname="PC" ignored="1" name="个人信息" tests="7" failures="1" timestamp="26 十二月 2018 13:07:48 GMT" time="171.855" errors="0">
  <testcase name="own_Message" time="6.451" classname="com.edu.test.Own_Message_Test"/>
  <testcase name="edit_Message" time="29.94" classname="com.edu.test.Own_Message_Test"/>
  <testcase name="edit_PasswordFailed" time="19.142" classname="com.edu.test.Own_Message_Test"/>
  <testcase name="edit_PasswordFailed2" time="18.911" classname="com.edu.test.Own_Message_Test"/>
  <testcase name="edit_PasswordFailed3" time="18.883" classname="com.edu.test.Own_Message_Test"/>
  <testcase name="edit_Password" time="28.252" classname="com.edu.test.Own_Message_Test"/>
  <testcase name="exit" time="0.041" classname="com.edu.test.Own_Message_Test">
    <failure type="org.openqa.selenium.ElementNotInteractableException" message="
Build info: version: &amp;apos;3.6.0&amp;apos;, revision: &amp;apos;6fbf3ec767&amp;apos;, time: &amp;apos;2017-09-27T16:15:40.131Z&amp;apos;
System info: host: &amp;apos;PC&amp;apos;, ip: &amp;apos;192.168.56.1&amp;apos;, os.name: &amp;apos;Windows 7&amp;apos;, os.arch: &amp;apos;amd64&amp;apos;, os.version: &amp;apos;6.1&amp;apos;, java.version: &amp;apos;1.8.0_191&amp;apos;
Driver info: org.openqa.selenium.firefox.FirefoxDriver
Capabilities [{moz:profile=C:\Users\Administrator\AppData\Local\Temp\rust_mozprofile.fCO7ovlHrpo6, rotatable=false, timeouts={implicit=0, pageLoad=300000, script=30000}, pageLoadStrategy=normal, moz:headless=false, platform=XP, specificationLevel=0, moz:accessibilityChecks=false, acceptInsecureCerts=true, browserVersion=56.0, platformVersion=6.1, moz:processID=11320, browserName=firefox, javascriptEnabled=true, platformName=XP}]
Session ID: 3e5bcb38-7783-4b3b-9231-cfcc3f379537">
      <![CDATA[org.openqa.selenium.ElementNotInteractableException: 
Build info: version: '3.6.0', revision: '6fbf3ec767', time: '2017-09-27T16:15:40.131Z'
System info: host: 'PC', ip: '192.168.56.1', os.name: 'Windows 7', os.arch: 'amd64', os.version: '6.1', java.version: '1.8.0_191'
Driver info: org.openqa.selenium.firefox.FirefoxDriver
Capabilities [{moz:profile=C:\Users\Administrator\AppData\Local\Temp\rust_mozprofile.fCO7ovlHrpo6, rotatable=false, timeouts={implicit=0, pageLoad=300000, script=30000}, pageLoadStrategy=normal, moz:headless=false, platform=XP, specificationLevel=0, moz:accessibilityChecks=false, acceptInsecureCerts=true, browserVersion=56.0, platformVersion=6.1, moz:processID=11320, browserName=firefox, javascriptEnabled=true, platformName=XP}]
Session ID: 3e5bcb38-7783-4b3b-9231-cfcc3f379537
at org.openqa.selenium.remote.http.W3CHttpResponseCodec.createException(W3CHttpResponseCodec.java:185)
at org.openqa.selenium.remote.http.W3CHttpResponseCodec.decode(W3CHttpResponseCodec.java:120)
at org.openqa.selenium.remote.http.W3CHttpResponseCodec.decode(W3CHttpResponseCodec.java:49)
at org.openqa.selenium.remote.HttpCommandExecutor.execute(HttpCommandExecutor.java:164)
at org.openqa.selenium.remote.service.DriverCommandExecutor.execute(DriverCommandExecutor.java:83)
at org.openqa.selenium.remote.RemoteWebDriver.execute(RemoteWebDriver.java:586)
at org.openqa.selenium.remote.RemoteWebElement.execute(RemoteWebElement.java:279)
at org.openqa.selenium.remote.RemoteWebElement.click(RemoteWebElement.java:83)
at com.edu.core.WebDriverEngine.click(Unknown Source)
at com.edu.test.Own_Message_Test.exit(Unknown Source)
... Removed 29 stack frames]]>
    </failure>
  </testcase> <!-- exit -->
  <testcase name="own_Check" time="0.0" classname="com.edu.test.Own_Message_Test">
    <ignored/>
  </testcase> <!-- own_Check -->
</testsuite> <!-- 个人信息 -->
