<?xml version="1.0" encoding="UTF-8"?>
<!-- Generated by org.testng.reporters.JUnitXMLReporter -->
<testsuite ignored="0" hostname="PC" failures="3" tests="7" name="且说" time="138.2" errors="0" timestamp="18 12月 2018 06:54:49 GMT">
  <testcase classname="com.edu.test.QieShuo_Test" name="comment" time="20.3"/>
  <testcase classname="com.edu.test.QieShuo_Test" name="commentCode" time="30.438"/>
  <testcase classname="com.edu.test.QieShuo_Test" name="comment2" time="19.378">
    <failure type="java.lang.AssertionError" message="expected [true] but found [false]">
      <![CDATA[java.lang.AssertionError: expected [true] but found [false]
at com.edu.test.QieShuo_Test.comment2(QieShuo_Test.java:31)
... Removed 29 stack frames]]>
    </failure>
  </testcase> <!-- comment2 -->
  <testcase classname="com.edu.test.QieShuo_Test" name="commentPic" time="22.927"/>
  <testcase classname="com.edu.test.QieShuo_Test" name="commentLong" time="29.042"/>
  <testcase classname="com.edu.test.QieShuo_Test" name="commentLong_Fail1" time="3.081">
    <failure type="org.openqa.selenium.NoSuchWindowException" message="Current window does not have a content browser
Build info: version: &amp;apos;3.6.0&amp;apos;, revision: &amp;apos;6fbf3ec767&amp;apos;, time: &amp;apos;2017-09-27T16:15:40.131Z&amp;apos;
System info: host: &amp;apos;PC&amp;apos;, ip: &amp;apos;192.168.56.1&amp;apos;, os.name: &amp;apos;Windows 7&amp;apos;, os.arch: &amp;apos;amd64&amp;apos;, os.version: &amp;apos;6.1&amp;apos;, java.version: &amp;apos;9.0.4&amp;apos;
Driver info: org.openqa.selenium.firefox.FirefoxDriver
Capabilities [{moz:profile=C:\Users\Administrator\AppData\Local\Temp\rust_mozprofile.68o6AbT6IvKl, rotatable=false, timeouts={implicit=0, pageLoad=300000, script=30000}, pageLoadStrategy=normal, moz:headless=false, platform=XP, specificationLevel=0, moz:accessibilityChecks=false, acceptInsecureCerts=true, browserVersion=56.0, platformVersion=6.1, moz:processID=10600, browserName=firefox, javascriptEnabled=true, platformName=XP}]
Session ID: 55e6ddc7-80a7-43a6-94c6-c753c48d545a">
      <![CDATA[org.openqa.selenium.NoSuchWindowException: Current window does not have a content browser
Build info: version: '3.6.0', revision: '6fbf3ec767', time: '2017-09-27T16:15:40.131Z'
System info: host: 'PC', ip: '192.168.56.1', os.name: 'Windows 7', os.arch: 'amd64', os.version: '6.1', java.version: '9.0.4'
Driver info: org.openqa.selenium.firefox.FirefoxDriver
Capabilities [{moz:profile=C:\Users\Administrator\AppData\Local\Temp\rust_mozprofile.68o6AbT6IvKl, rotatable=false, timeouts={implicit=0, pageLoad=300000, script=30000}, pageLoadStrategy=normal, moz:headless=false, platform=XP, specificationLevel=0, moz:accessibilityChecks=false, acceptInsecureCerts=true, browserVersion=56.0, platformVersion=6.1, moz:processID=10600, browserName=firefox, javascriptEnabled=true, platformName=XP}]
Session ID: 55e6ddc7-80a7-43a6-94c6-c753c48d545a
at org.openqa.selenium.remote.http.W3CHttpResponseCodec.createException(W3CHttpResponseCodec.java:185)
at org.openqa.selenium.remote.http.W3CHttpResponseCodec.decode(W3CHttpResponseCodec.java:120)
at org.openqa.selenium.remote.http.W3CHttpResponseCodec.decode(W3CHttpResponseCodec.java:49)
at org.openqa.selenium.remote.HttpCommandExecutor.execute(HttpCommandExecutor.java:164)
at org.openqa.selenium.remote.service.DriverCommandExecutor.execute(DriverCommandExecutor.java:83)
at org.openqa.selenium.remote.RemoteWebDriver.execute(RemoteWebDriver.java:586)
at org.openqa.selenium.remote.RemoteWebDriver.execute(RemoteWebDriver.java:643)
at org.openqa.selenium.remote.RemoteWebDriver.getWindowHandle(RemoteWebDriver.java:503)
at com.edu.core.WebDriverEngine.getAllWindowTitles(WebDriverEngine.java:41)
at com.edu.models.QieShuo_Action.fachengwen3(QieShuo_Action.java:85)
at com.edu.test.QieShuo_Test.commentLong_Fail1(QieShuo_Test.java:49)
... Removed 29 stack frames]]>
    </failure>
  </testcase> <!-- commentLong_Fail1 -->
  <testcase classname="com.edu.test.QieShuo_Test" name="commentLong_Fail1" time="3.092">
    <failure type="org.openqa.selenium.NoSuchWindowException" message="Unable to locate window
Build info: version: &amp;apos;3.6.0&amp;apos;, revision: &amp;apos;6fbf3ec767&amp;apos;, time: &amp;apos;2017-09-27T16:15:40.131Z&amp;apos;
System info: host: &amp;apos;PC&amp;apos;, ip: &amp;apos;192.168.56.1&amp;apos;, os.name: &amp;apos;Windows 7&amp;apos;, os.arch: &amp;apos;amd64&amp;apos;, os.version: &amp;apos;6.1&amp;apos;, java.version: &amp;apos;9.0.4&amp;apos;
Driver info: org.openqa.selenium.firefox.FirefoxDriver
Capabilities [{moz:profile=C:\Users\Administrator\AppData\Local\Temp\rust_mozprofile.68o6AbT6IvKl, rotatable=false, timeouts={implicit=0, pageLoad=300000, script=30000}, pageLoadStrategy=normal, moz:headless=false, platform=XP, specificationLevel=0, moz:accessibilityChecks=false, acceptInsecureCerts=true, browserVersion=56.0, platformVersion=6.1, moz:processID=10600, browserName=firefox, javascriptEnabled=true, platformName=XP}]
Session ID: 55e6ddc7-80a7-43a6-94c6-c753c48d545a">
      <![CDATA[org.openqa.selenium.NoSuchWindowException: Unable to locate window
Build info: version: '3.6.0', revision: '6fbf3ec767', time: '2017-09-27T16:15:40.131Z'
System info: host: 'PC', ip: '192.168.56.1', os.name: 'Windows 7', os.arch: 'amd64', os.version: '6.1', java.version: '9.0.4'
Driver info: org.openqa.selenium.firefox.FirefoxDriver
Capabilities [{moz:profile=C:\Users\Administrator\AppData\Local\Temp\rust_mozprofile.68o6AbT6IvKl, rotatable=false, timeouts={implicit=0, pageLoad=300000, script=30000}, pageLoadStrategy=normal, moz:headless=false, platform=XP, specificationLevel=0, moz:accessibilityChecks=false, acceptInsecureCerts=true, browserVersion=56.0, platformVersion=6.1, moz:processID=10600, browserName=firefox, javascriptEnabled=true, platformName=XP}]
Session ID: 55e6ddc7-80a7-43a6-94c6-c753c48d545a
at org.openqa.selenium.remote.http.W3CHttpResponseCodec.createException(W3CHttpResponseCodec.java:185)
at org.openqa.selenium.remote.http.W3CHttpResponseCodec.decode(W3CHttpResponseCodec.java:120)
at org.openqa.selenium.remote.http.W3CHttpResponseCodec.decode(W3CHttpResponseCodec.java:49)
at org.openqa.selenium.remote.HttpCommandExecutor.execute(HttpCommandExecutor.java:164)
at org.openqa.selenium.remote.service.DriverCommandExecutor.execute(DriverCommandExecutor.java:83)
at org.openqa.selenium.remote.RemoteWebDriver.execute(RemoteWebDriver.java:586)
at org.openqa.selenium.remote.RemoteWebDriver.execute(RemoteWebDriver.java:643)
at org.openqa.selenium.remote.RemoteWebDriver.getScreenshotAs(RemoteWebDriver.java:328)
at com.edu.core.SeleniumScreenShot.screenShot(SeleniumScreenShot.java:37)
at com.edu.core.WebTestListener2.onTestFailure(WebTestListener2.java:28)
... Removed 26 stack frames]]>
    </failure>
  </testcase> <!-- commentLong_Fail1 -->
</testsuite> <!-- 且说 -->
