<?xml version="1.0" encoding="UTF-8"?>
<!-- Generated by org.testng.reporters.JUnitReportReporter -->
<testsuite hostname="LAPTOP-CVGQM1CK" failures="0" tests="1" name="test.FeeTest" time="0.240" errors="1" timestamp="31 10月 2018 02:57:14 GMT" skipped="0">
  <testcase classname="test.FeeTest" name="fee1" time="0.240">
    <error message="Illegal character in query at index 70: http://study-perf.qa.netease.com/common/getTransportFee?addressDetail=&quot;id&quot;:&quot;1&quot;,&quot;addressDetail&quot;:&quot;浙江省&quot;,&quot;tm&quot;:&quot;1540950767332&quot;&amp;goodsId=&quot;1&quot;" type="java.lang.IllegalArgumentException">
      <![CDATA[java.lang.IllegalArgumentException: Illegal character in query at index 70: http://study-perf.qa.netease.com/common/getTransportFee?addressDetail="id":"1","addressDetail":"浙江省","tm":"1540950767332"&goodsId="1"
at java.base/java.net.URI.create(URI.java:881)
at org.apache.http.client.methods.HttpGet.<init>(HttpGet.java:66)
at com.edu.core.HttpDriver.doGet(HttpDriver.java:94)
at test.FeeTest.fee(FeeTest.java:22)
at test.FeeTest.fee1(FeeTest.java:31)
at java.base/jdk.internal.reflect.NativeMethodAccessorImpl.invoke0(Native Method)
at java.base/jdk.internal.reflect.NativeMethodAccessorImpl.invoke(NativeMethodAccessorImpl.java:62)
at java.base/jdk.internal.reflect.DelegatingMethodAccessorImpl.invoke(DelegatingMethodAccessorImpl.java:43)
at java.base/java.lang.reflect.Method.invoke(Method.java:564)
at org.testng.internal.MethodInvocationHelper.invokeMethod(MethodInvocationHelper.java:124)
at org.testng.internal.Invoker.invokeMethod(Invoker.java:580)
at org.testng.internal.Invoker.invokeTestMethod(Invoker.java:716)
at org.testng.internal.Invoker.invokeTestMethods(Invoker.java:988)
at org.testng.internal.TestMethodWorker.invokeTestMethods(TestMethodWorker.java:125)
at org.testng.internal.TestMethodWorker.run(TestMethodWorker.java:109)
at org.testng.TestRunner.privateRun(TestRunner.java:648)
at org.testng.TestRunner.run(TestRunner.java:505)
at org.testng.SuiteRunner.runTest(SuiteRunner.java:455)
at org.testng.SuiteRunner.runSequentially(SuiteRunner.java:450)
at org.testng.SuiteRunner.privateRun(SuiteRunner.java:415)
at org.testng.SuiteRunner.run(SuiteRunner.java:364)
at org.testng.SuiteRunnerWorker.runSuite(SuiteRunnerWorker.java:52)
at org.testng.SuiteRunnerWorker.run(SuiteRunnerWorker.java:84)
at org.testng.TestNG.runSuitesSequentially(TestNG.java:1208)
at org.testng.TestNG.runSuitesLocally(TestNG.java:1137)
at org.testng.TestNG.runSuites(TestNG.java:1049)
at org.testng.TestNG.run(TestNG.java:1017)
at org.testng.remote.AbstractRemoteTestNG.run(AbstractRemoteTestNG.java:114)
at org.testng.remote.RemoteTestNG.initAndRun(RemoteTestNG.java:251)
at org.testng.remote.RemoteTestNG.main(RemoteTestNG.java:77)
Caused by: java.net.URISyntaxException: Illegal character in query at index 70: http://study-perf.qa.netease.com/common/getTransportFee?addressDetail="id":"1","addressDetail":"浙江省","tm":"1540950767332"&goodsId="1"
at java.base/java.net.URI$Parser.fail(URI.java:2912)
at java.base/java.net.URI$Parser.checkChars(URI.java:3083)
at java.base/java.net.URI$Parser.parseHierarchical(URI.java:3171)
at java.base/java.net.URI$Parser.parse(URI.java:3113)
at java.base/java.net.URI.<init>(URI.java:598)
at java.base/java.net.URI.create(URI.java:879)
... 29 more
]]>
    </error>
  </testcase> <!-- fee1 -->
</testsuite> <!-- test.FeeTest -->
