<?xml version="1.0" encoding="UTF-8"?>
<!-- Generated by org.testng.reporters.JUnitXMLReporter -->
<testsuite ignored="0" hostname="LAPTOP-CVGQM1CK" failures="1" tests="2" name="test1" time="66.054" errors="0" timestamp="28 12月 2018 03:34:36 GMT">
  <testcase classname="aaacom.AddRenwu1" name="addRenwu" time="13.604"/>
  <testcase classname="aaacom.AddRenwu1" name="piyue" time="11.038">
    <failure type="java.lang.AssertionError" message="待验收错误 expected [0] but found [null]">
      <![CDATA[java.lang.AssertionError: 待验收错误 expected [0] but found [null]
at aaacom.AddRenwu1.piyue(AddRenwu1.java:70)
... Removed 29 stack frames]]>
    </failure>
  </testcase> <!-- piyue -->
</testsuite> <!-- test1 -->
